Beat    Tag    Timestamp    Global_Rate    Window_Rate    Instant_Rate    Global_Accuracy    Window_Accuracy    Instant_Accuracy    Global_Power    Window_Power    Instant_Power
0    0    1637449748717863936    0.000000    0.000000    0.000000    1.000000    1.000000    1.000000    0.000000    0.000000    0.000000
1    1    1637449748727949802    198.297300    99.148651    99.148650    1.000000    1.000000    1.000000    31.819068    31.819068    31.819068
2    2    1637449748738028568    148.775341    99.183563    99.218496    1.000000    1.000000    1.000000    30.944163    30.944163    30.068642
3    3    1637449748748100819    132.288768    99.216576    99.282673    1.000000    1.000000    1.000000    30.588346    30.588346    29.876001
4    4    1637449748758175128    124.035032    99.228027    99.262391    1.000000    1.000000    1.000000    30.432643    30.432643    29.965319
5    5    1637449748768247890    119.085533    99.237946    99.277636    1.000000    1.000000    1.000000    30.336502    30.336502    29.951743
6    6    1637449748778322643    115.781504    99.241287    99.258017    1.000000    1.000000    1.000000    29.865062    29.865062    27.507387
7    7    1637449748788393018    113.428387    99.249840    99.301168    1.000000    1.000000    1.000000    29.469988    29.469988    27.098115
8    8    1637449748798464802    111.661331    99.254517    99.287276    1.000000    1.000000    1.000000    29.163663    29.163663    27.018574
9    9    1637449748808539912    110.282794    99.254517    99.254499    1.000000    1.000000    1.000000    28.919280    28.919280    26.964220
10    10    1637449748818615380    109.179577    99.254166    99.250973    1.000000    1.000000    1.000000    28.728973    28.728973    27.016267
11    11    1637449748828693946    108.273923    99.251099    99.220464    1.000000    1.000000    1.000000    28.570404    28.570404    26.985253
12    12    1637449748838761987    107.528615    99.257179    99.324188    1.000000    1.000000    1.000000    28.273263    28.273263    25.002306
13    13    1637449748848830553    106.897470    99.261940    99.319009    1.000000    1.000000    1.000000    27.986742    27.986742    24.546356
14    14    1637449748858899750    106.355964    99.265564    99.312785    1.000000    1.000000    1.000000    27.743604    27.743604    24.581187
15    15    1637449748868967210    105.887845    99.269852    99.329920    1.000000    1.000000    1.000000    27.537731    27.537731    24.653633
16    16    1637449748879031200    105.480478    99.275742    99.364169    1.000000    1.000000    1.000000    27.353905    27.353905    24.593905
17    17    1637449748889101139    105.117344    99.277489    99.305467    1.000000    1.000000    1.000000    27.188070    27.188070    24.533918
18    18    1637449748899168839    104.795842    99.280266    99.327552    1.000000    1.000000    1.000000    27.043936    27.043936    24.592420
19    19    1637449748909238773    104.506947    99.281601    99.305517    1.000000    1.000000    1.000000    26.915132    26.915132    24.596056
20    20    1637449748919306542    104.248056    99.283867    99.326872    1.000000    1.000000    1.000000    26.796841    26.796841    24.548299
21    21    1637449748929372984    104.014463    99.286537    99.339965    1.000000    1.000000    1.000000    26.690051    26.690051    24.553051
22    22    1637449748939442176    103.800806    99.287727    99.312835    1.000000    1.000000    1.000000    26.594976    26.594976    24.597869
23    23    1637449748949512518    103.605210    99.288330    99.301493    1.000000    1.000000    1.000000    26.613493    26.613493    27.020928
24    24    1637449748959584326    103.425284    99.288269    99.287040    1.000000    1.000000    1.000000    26.526654    26.526654    24.529365
25    25    1637449748969654897    103.260260    99.288719    99.299235    1.000000    1.000000    1.000000    26.447800    26.447800    24.555106
26    26    1637449748979727138    103.107270    99.288483    99.282771    1.000000    1.000000    1.000000    26.375776    26.375776    24.575273
27    27    1637449748989803839    102.963926    99.286644    99.238828    1.000000    1.000000    1.000000    26.292551    26.292551    24.129802
28    28    1637449748999887258    102.828375    99.282562    99.172711    1.000000    1.000000    1.000000    26.216057    26.216057    24.153071
29    29    1637449749009967053    102.703457    99.280014    99.208367    1.000000    1.000000    1.000000    26.144384    26.144384    24.139048
30    30    1637449749140607140    73.330570    70.965065    7.654618    1.000000    1.000000    1.000000    25.364431    25.364431    23.620506
31    31    1637449749150679690    73.934462    70.967300    99.279726    1.000000    1.000000    1.000000    25.283753    25.127828    21.897712
32    32    1637449749160748174    74.511570    70.969025    99.319818    1.000000    1.000000    1.000000    25.207114    24.933445    21.912617
33    33    1637449749170815372    75.063235    70.969879    99.332505    1.000000    1.000000    1.000000    25.133651    24.743475    21.901775
34    34    1637449749180885392    75.590450    70.970596    99.304669    1.000000    1.000000    1.000000    25.201672    24.702827    28.261282
35    35    1637449749190953530    76.095523    70.971375    99.323231    1.000000    1.000000    1.000000    25.175459    24.560294    23.969974
36    36    1637449749201021153    76.579628    70.972572    99.328312    1.000000    1.000000    1.000000    25.109973    24.429851    22.032710
37    37    1637449749211087956    77.044099    70.973175    99.336403    1.000000    1.000000    1.000000    25.044480    24.306058    21.901118
38    38    1637449749221154647    77.490006    70.974022    99.337508    1.000000    1.000000    1.000000    24.981370    24.183866    21.889236
39    39    1637449749231222362    77.918269    70.975266    99.327404    1.000000    1.000000    1.000000    24.920328    24.062452    21.868822
40    40    1637449749508553490    51.853474    43.482162    3.605798    1.000000    1.000000    1.000000    24.280823    23.631261    23.097057
41    41    1637449749518634205    52.449500    43.482025    99.199313    1.000000    1.000000    1.000000    24.275523    23.585606    23.859844
42    42    1637449749528714879    53.030709    43.481228    99.199716    1.000000    1.000000    1.000000    24.269058    23.567416    23.755498
43    43    1637449749538811116    53.596627    43.479485    99.046803    1.000000    1.000000    1.000000    24.265638    23.559327    23.990920
44    44    1637449749548885529    54.150217    43.479156    99.261366    1.000000    1.000000    1.000000    24.262056    23.550414    23.970190
45    45    1637449749558964964    54.690220    43.478401    99.211910    1.000000    1.000000    1.000000    24.257944    23.539700    23.918887
46    46    1637449749569047006    55.217264    43.477268    99.186256    1.000000    1.000000    1.000000    24.253729    23.529619    23.902108
47    47    1637449749579125611    55.732191    43.476719    99.220081    1.000000    1.000000    1.000000    24.249798    23.520633    23.917829
48    48    1637449749589206300    56.235071    43.475903    99.199569    1.000000    1.000000    1.000000    24.244762    23.509289    23.814496
49    49    1637449749599285013    56.726576    43.475346    99.219017    1.000000    1.000000    1.000000    24.240190    23.498332    23.844902
50    50    1637449749609367254    57.206742    43.474434    99.184298    1.000000    1.000000    1.000000    24.235471    23.487756    23.822938
51    51    1637449749619447440    57.676299    43.473568    99.204519    1.000000    1.000000    1.000000    24.231116    23.477448    23.845959
52    52    1637449749629529278    58.135368    43.472771    99.188263    1.000000    1.000000    1.000000    24.252773    23.500721    26.189479
53    53    1637449749639609452    58.584500    43.472153    99.204637    1.000000    1.000000    1.000000    24.249367    23.455788    23.941353
54    54    1637449749649666042    59.025409    43.473114    99.437284    1.000000    1.000000    1.000000    24.246502    23.447815    23.983843
55    55    1637449749659740320    59.455785    43.472878    99.262697    1.000000    1.000000    1.000000    24.243922    23.439795    24.005348
56    56    1637449749669812204    59.877203    43.472900    99.286290    1.000000    1.000000    1.000000    24.240224    23.429857    23.894400
57    57    1637449749679890631    60.289387    43.472790    99.221833    1.000000    1.000000    1.000000    24.235947    23.425509    23.831953
58    58    1637449749689966163    60.693205    43.473289    99.250342    1.000000    1.000000    1.000000    24.231799    23.420868    23.835772
59    59    1637449749700043256    61.088641    43.473461    99.234968    1.000000    1.000000    1.000000    24.227885    23.416648    23.850250
60    60    1637449749710148677    61.474290    52.673946    98.956788    1.000000    1.000000    1.000000    24.222989    23.375751    23.747153
61    61    1637449749720228984    61.853713    52.673229    99.203328    1.000000    1.000000    1.000000    24.220184    23.411949    23.944065
62    62    1637449749730305207    62.225832    52.672512    99.243536    1.000000    1.000000    1.000000    24.217412    23.447825    23.941655
63    63    1637449749740385250    62.590382    52.671326    99.205926    1.000000    1.000000    1.000000    24.214813    23.484106    23.953775
64    64    1637449749750462523    62.947985    52.670654    99.233195    1.000000    1.000000    1.000000    24.211665    23.406867    23.892221
65    65    1637449749760540361    63.298640    52.669758    99.227632    1.000000    1.000000    1.000000    24.208550    23.405450    23.889367
66    66    1637449749770617172    63.642645    52.668907    99.237745    1.000000    1.000000    1.000000    24.205518    23.438317    23.891802
67    67    1637449749780694958    63.980067    52.667892    99.228144    1.000000    1.000000    1.000000    24.202306    23.473065    23.866779
68    68    1637449749790774178    64.311065    52.666733    99.214026    1.000000    1.000000    1.000000    24.199591    23.508846    23.913342
69    69    1637449749800857149    64.635677    52.665325    99.177118    1.000000    1.000000    1.000000    24.197266    23.545638    23.949845
70    70    1637449749810933883    64.954672    99.212784    99.238503    1.000000    1.000000    1.000000    24.202129    23.996355    24.724827
71    71    1637449749821008326    65.267975    99.214844    99.261071    1.000000    1.000000    1.000000    24.216789    24.061244    25.807333
72    72    1637449749831081679    65.575671    99.217247    99.271811    1.000000    1.000000    1.000000    24.235237    24.144538    26.255467
73    73    1637449749841160686    65.877516    99.222893    99.216123    1.000000    1.000000    1.000000    24.232163    24.141271    23.892652
74    74    1637449749851238270    66.174077    99.221855    99.230133    1.000000    1.000000    1.000000    24.228205    24.135163    23.787008
75    75    1637449749861312815    66.465586    99.223457    99.260066    1.000000    1.000000    1.000000    24.225115    24.133787    23.877486
76    76    1637449749871390049    66.751848    99.225044    99.233579    1.000000    1.000000    1.000000    24.222763    24.135584    23.955909
77    77    1637449749881470911    67.032943    99.224297    99.197866    1.000000    1.000000    1.000000    24.220468    24.136918    23.957883
78    78    1637449749891546775    67.309496    99.225876    99.247072    1.000000    1.000000    1.000000    24.218784    24.143915    24.024285
79    79    1637449749901628718    67.580993    99.224815    99.187230    1.000000    1.000000    1.000000    24.218976    24.157132    24.241361
80    80    1637449749911713066    67.847769    99.224129    99.163575    1.000000    1.000000    1.000000    24.220816    24.177605    24.436825
81    81    1637449749921793118    68.110318    99.224174    99.205837    1.000000    1.000000    1.000000    24.223827    24.202093    24.580450
82    82    1637449749931872328    68.368555    99.225029    99.214125    1.000000    1.000000    1.000000    24.226780    24.148403    24.579476
83    83    1637449749941946214    68.622838    99.227097    99.266559    1.000000    1.000000    1.000000    24.229416    24.168588    24.547025
84    84    1637449749952019867    68.872983    99.221497    99.268855    1.000000    1.000000    1.000000    24.231926    24.187007    24.536990
85    85    1637449749962094883    69.119001    99.221260    99.255426    1.000000    1.000000    1.000000    24.234357    24.204561    24.532156
86    86    1637449749972185629    69.360197    99.215073    99.100701    1.000000    1.000000    1.000000    24.235752    24.221672    24.407721
87    87    1637449749982269542    69.597920    99.213272    99.167853    1.000000    1.000000    1.000000    24.237279    24.241518    24.427286
88    88    1637449749992345657    69.832308    99.213081    99.244600    1.000000    1.000000    1.000000    24.238596    24.260445    24.403789
89    89    1637449750112538349    64.531190    72.728142    8.319973    1.000000    1.000000    1.000000    24.272773    24.379655    24.635175
90    90    1637449750304644320    57.348831    50.462940    5.205460    1.000000    1.000000    1.000000    24.142784    24.008912    23.199072
91    91    1637449750314716305    57.613341    50.463650    99.285295    1.000000    1.000000    1.000000    24.128698    23.974443    21.909545
92    92    1637449750324854102    57.872165    50.458424    98.640760    1.000000    1.000000    1.000000    24.113972    23.937826    21.794406
93    93    1637449750334924009    58.130184    50.459286    99.305783    1.000000    1.000000    1.000000    24.100565    23.904075    21.961040
94    94    1637449750344992322    58.385067    50.460045    99.321505    1.000000    1.000000    1.000000    24.086841    23.870043    21.882678
95    95    1637449750355056740    58.636955    50.461185    99.359943    1.000000    1.000000    1.000000    24.073530    23.836729    21.921469
96    96    1637449750365122622    58.885712    50.462112    99.345492    1.000000    1.000000    1.000000    24.060536    23.803801    21.947083
97    97    1637449750375188388    59.131451    50.463131    99.346637    1.000000    1.000000    1.000000    24.047296    23.770171    21.880636
98    98    1637449750385253085    59.374262    50.464363    99.357189    1.000000    1.000000    1.000000    24.035714    23.739950    22.128563
99    99    1637449750395317890    59.614155    50.465908    99.356123    1.000000    1.000000    1.000000    24.022305    23.703560    21.800858
100    100    1637449750405978624    59.830058    50.416378    93.802172    1.000000    1.000000    1.000000    24.020113    23.685758    23.675258
101    101    1637449750416044815    60.064273    50.417076    99.342442    1.000000    1.000000    1.000000    24.007857    23.620516    21.952473
102    102    1637449750426111117    60.295724    50.417675    99.341347    1.000000    1.000000    1.000000    23.995788    23.547814    21.959810
103    103    1637449750436177077    60.524475    50.418777    99.344722    1.000000    1.000000    1.000000    23.983999    23.515505    21.983294
104    104    1637449750446241649    60.750610    50.419880    99.358423    1.000000    1.000000    1.000000    23.972119    23.484323    21.943875
105    105    1637449750456308530    60.974046    50.420532    99.335633    1.000000    1.000000    1.000000    23.961126    23.453800    22.073743
106    106    1637449750466373644    61.194970    50.421558    99.353072    1.000000    1.000000    1.000000    23.949952    23.421041    22.020010
107    107    1637449750476438211    61.413386    50.422939    99.358472    1.000000    1.000000    1.000000    23.938810    23.387957    22.003014
108    108    1637449750486504937    61.629240    50.423714    99.337163    1.000000    1.000000    1.000000    23.927635    23.353283    21.975558
109    109    1637449750496569679    61.842719    50.425171    99.356745    1.000000    1.000000    1.000000    23.916777    23.315486    22.008695
110    110    1637449750506636917    62.053710    50.426620    99.332111    1.000000    1.000000    1.000000    23.905385    23.272401    21.892594
111    111    1637449750516701473    62.262432    50.427937    99.358581    1.000000    1.000000    1.000000    23.896065    23.232764    22.239548
112    112    1637449750526768507    62.468746    50.428970    99.334124    1.000000    1.000000    1.000000    23.884495    23.185993    21.817251
113    113    1637449750536834092    62.672826    50.429672    99.348423    1.000000    1.000000    1.000000    23.872872    23.139223    21.784009
114    114    1637449750546901043    62.874613    50.430241    99.334943    1.000000    1.000000    1.000000    23.861893    23.094212    21.878060
115    115    1637449750556968364    63.074178    50.430893    99.331292    1.000000    1.000000    1.000000    23.851220    23.049853    21.912117
116    116    1637449750567035930    63.271562    50.432854    99.328875    1.000000    1.000000    1.000000    23.840989    23.008580    21.972209
117    117    1637449750577103020    63.466824    50.434284    99.333571    1.000000    1.000000    1.000000    23.830712    22.966494    21.942934
118    118    1637449750587169504    63.660004    50.435097    99.339551    1.000000    1.000000    1.000000    23.820235    22.923847    21.885138
119    119    1637449750597235640    63.851126    61.894302    99.342985    1.000000    1.000000    1.000000    23.810199    22.479184    21.946529
120    120    1637449750607326324    64.039380    99.113922    99.101310    1.000000    1.000000    1.000000    23.799921    22.002496    21.885578
121    121    1637449750617394173    64.226406    99.115280    99.326082    1.000000    1.000000    1.000000    23.801878    22.077659    24.169205
122    122    1637449750627462011    64.411460    99.138191    99.326191    1.000000    1.000000    1.000000    23.792260    22.083822    21.977678
123    123    1637449750637527364    64.594657    99.139687    99.350713    1.000000    1.000000    1.000000    23.783347    22.088189    22.092254
124    124    1637449750647594863    64.775870    99.139954    99.329536    1.000000    1.000000    1.000000    23.773820    22.090668    21.957199
125    125    1637449750657654197    64.955476    99.141609    99.410160    1.000000    1.000000    1.000000    23.764083    22.089829    21.896143
126    126    1637449750667719502    65.133029    99.141800    99.351187    1.000000    1.000000    1.000000    23.754702    22.089821    21.946825
127    127    1637449750677783105    65.308816    99.142509    99.367990    1.000000    1.000000    1.000000    23.744683    22.087256    21.803462
128    128    1637449750687849735    65.482706    99.141876    99.338110    1.000000    1.000000    1.000000    23.735357    22.080307    21.919684
129    129    1637449750697916170    65.654834    99.141350    99.340034    1.000000    1.000000    1.000000    23.725766    22.081903    21.848866
130    130    1637449750707984066    65.825172    99.335960    99.325619    1.000000    1.000000    1.000000    23.716401    22.018743    21.874491
131    131    1637449750718053801    65.993735    99.334793    99.307479    1.000000    1.000000    1.000000    23.706833    22.014190    21.815945
132    132    1637449750728115409    66.160877    99.336334    99.387692    1.000000    1.000000    1.000000    23.689070    21.954155    20.157794
133    133    1637449750738175635    66.326399    99.338219    99.401345    1.000000    1.000000    1.000000    23.669619    21.880854    19.782894
134    134    1637449750748232765    66.490382    99.340668    99.431945    1.000000    1.000000    1.000000    23.650855    21.812171    19.881534
135    135    1637449750758289928    66.652748    99.343864    99.431619    1.000000    1.000000    1.000000    23.632036    21.737534    19.832918
136    136    1637449750768347000    66.813524    99.346512    99.432519    1.000000    1.000000    1.000000    23.613508    21.665400    19.854339
137    137    1637449750778403702    66.972743    99.349106    99.436177    1.000000    1.000000    1.000000    23.595024    21.592896    19.826241
138    138    1637449750788462616    67.130343    99.351669    99.414311    1.000000    1.000000    1.000000    23.576355    21.518818    19.752102
139    139    1637449750798520958    67.286438    99.353775    99.419964    1.000000    1.000000    1.000000    23.557895    21.443827    19.757776
140    140    1637449750808578120    67.441069    99.357094    99.431629    1.000000    1.000000    1.000000    23.539896    21.374651    19.816231
141    141    1637449750818634873    67.594233    99.359657    99.435673    1.000000    1.000000    1.000000    23.522031    21.293637    19.807933
142    142    1637449750828691881    67.745929    99.362961    99.433151    1.000000    1.000000    1.000000    23.504087    21.224955    19.755845
143    143    1637449750838748826    67.896188    99.365807    99.433774    1.000000    1.000000    1.000000    23.486328    21.157485    19.759003
144    144    1637449750848805613    68.045035    99.369148    99.435337    1.000000    1.000000    1.000000    23.469211    21.090218    19.859453
145    145    1637449750858862726    68.192472    99.372513    99.432113    1.000000    1.000000    1.000000    23.452238    21.021687    19.855775
146    146    1637449750868919480    68.338542    99.376068    99.435663    1.000000    1.000000    1.000000    23.435263    20.950008    19.821587
147    147    1637449750878976292    68.483251    99.379456    99.435089    1.000000    1.000000    1.000000    23.418340    20.878541    19.798713
148    148    1637449750889033562    68.626605    99.382484    99.430561    1.000000    1.000000    1.000000    23.402026    20.812252    19.896429
149    149    1637449750899090442    68.768649    99.385529    99.434417    1.000000    1.000000    1.000000    23.385734    20.742979    19.868373
150    150    1637449750909159435    68.909008    99.392670    99.314797    1.000000    1.000000    1.000000    23.378563    20.740880    21.825130
151    151    1637449750919216844    69.048447    99.396111    99.429187    1.000000    1.000000    1.000000    23.362535    20.597515    19.870362
152    152    1637449750929274052    69.186624    99.399620    99.431174    1.000000    1.000000    1.000000    23.346572    20.526651    19.852553
153    153    1637449750939331940    69.323528    99.402069    99.424452    1.000000    1.000000    1.000000    23.330788    20.452231    19.860313
154    154    1637449750949388716    69.459233    99.405602    99.435445    1.000000    1.000000    1.000000    23.314966    20.380960    19.820026
155    155    1637449750959445451    69.593722    99.406464    99.435851    1.000000    1.000000    1.000000    23.299062    20.310097    19.770037
156    156    1637449750969502076    69.727012    99.409317    99.436938    1.000000    1.000000    1.000000    23.283782    20.241108    19.877980
157    157    1637449750979559049    69.859107    99.411507    99.433498    1.000000    1.000000    1.000000    23.268567    20.176377    19.862120
158    158    1637449750989615761    69.990040    99.414764    99.436078    1.000000    1.000000    1.000000    23.253469    20.107614    19.858084
159    159    1637449750999672466    70.119819    99.417976    99.436147    1.000000    1.000000    1.000000    23.238451    20.040807    19.845960
160    160    1637449751009730903    70.248405    99.421089    99.419025    1.000000    1.000000    1.000000    23.223467    19.972409    19.824338
161    161    1637449751019787584    70.375922    99.425392    99.436385    1.000000    1.000000    1.000000    23.208745    19.906925    19.853593
162    162    1637449751029844210    70.502332    99.427032    99.436928    1.000000    1.000000    1.000000    23.193861    19.894560    19.786941
163    163    1637449751039900821    70.627646    99.428230    99.437077    1.000000    1.000000    1.000000    23.179152    19.895052    19.797592
164    164    1637449751049957500    70.751878    99.428375    99.436404    1.000000    1.000000    1.000000    23.164942    19.895132    19.883943
165    165    1637449751060014139    70.875045    99.428543    99.436800    1.000000    1.000000    1.000000    23.150711    19.895723    19.850642
166    166    1637449751070070963    70.997152    99.428635    99.434971    1.000000    1.000000    1.000000    23.136613    19.895689    19.853311
167    167    1637449751080127750    71.118221    99.428604    99.435337    1.000000    1.000000    1.000000    23.122674    19.896897    19.862488
168    168    1637449751090185007    71.238249    99.429146    99.430690    1.000000    1.000000    1.000000    23.109048    19.902114    19.908592
169    169    1637449751100241938    71.357274    99.429611    99.433913    1.000000    1.000000    1.000000    23.095349    19.905646    19.863720
170    170    1637449751110298813    71.475300    99.429710    99.434466    1.000000    1.000000    1.000000    23.081541    19.905462    19.810727
171    171    1637449751120355566    71.592341    99.429710    99.435673    1.000000    1.000000    1.000000    23.067590    19.903490    19.748760
172    172    1637449751130412196    71.708410    99.429832    99.436889    1.000000    1.000000    1.000000    23.054238    19.907106    19.864315
173    173    1637449751140468852    71.823515    99.429932    99.436632    1.000000    1.000000    1.000000    23.040870    19.909603    19.833918
174    174    1637449751150525522    71.937667    99.429970    99.436493    1.000000    1.000000    1.000000    23.027631    19.908902    19.838442
175    175    1637449751160582301    72.050877    99.430077    99.435416    1.000000    1.000000    1.000000    23.014618    19.909278    19.867055
176    176    1637449751170638994    72.163160    99.430099    99.436266    1.000000    1.000000    1.000000    23.001645    19.910243    19.850535
177    177    1637449751180695593    72.274530    99.430168    99.437195    1.000000    1.000000    1.000000    22.988748    19.911724    19.843134
178    178    1637449751190752246    72.384992    99.430374    99.436661    1.000000    1.000000    1.000000    22.975616    19.907163    19.759577
179    179    1637449751200808916    72.494558    99.430443    99.436493    1.000000    1.000000    1.000000    22.962522    19.902979    19.742854
180    180    1637449751210873421    72.603013    99.431915    99.359084    1.000000    1.000000    1.000000    22.949750    19.835355    19.798741
181    181    1637449751220930325    72.710816    99.432083    99.434180    1.000000    1.000000    1.000000    22.937058    19.832707    19.790946
182    182    1637449751230986977    72.817764    99.432259    99.436671    1.000000    1.000000    1.000000    22.924379    19.829912    19.768683
183    183    1637449751241045641    72.923801    99.432014    99.416781    1.000000    1.000000    1.000000    22.912056    19.829001    19.832993
184    184    1637449751251102316    73.029053    99.432045    99.436444    1.000000    1.000000    1.000000    22.907600    19.894652    21.789654
185    185    1637449751261158935    73.133475    99.432083    99.436998    1.000000    1.000000    1.000000    22.895284    19.895419    19.793024
186    186    1637449751271215845    73.237065    99.431984    99.434120    1.000000    1.000000    1.000000    22.883141    19.893225    19.812176
187    187    1637449751281272506    73.339850    99.432091    99.436582    1.000000    1.000000    1.000000    22.870988    19.890666    19.785355
188    188    1637449751291329328    73.441827    99.432053    99.434990    1.000000    1.000000    1.000000    22.859058    19.889344    19.818418
189    189    1637449751301386379    73.543003    99.431946    99.432726    1.000000    1.000000    1.000000    22.847279    19.888917    19.833139
190    190    1637449751311443197    73.643402    99.432480    99.435030    1.000000    1.000000    1.000000    22.835588    19.889175    19.832081
191    191    1637449751321499984    73.743026    99.432442    99.435337    1.000000    1.000000    1.000000    22.824221    19.890483    19.892833
192    192    1637449751331556635    73.841887    99.432426    99.436681    1.000000    1.000000    1.000000    22.812715    19.892049    19.833928
193    193    1637449751341613368    73.939987    99.432388    99.435870    1.000000    1.000000    1.000000    22.801291    19.893205    19.832249
194    194    1637449751351670137    74.037338    99.432358    99.435515    1.000000    1.000000    1.000000    22.789856    19.890619    19.806384
195    195    1637449751361726955    74.133947    99.432304    99.435030    1.000000    1.000000    1.000000    22.778345    19.887725    19.763805
196    196    1637449751371783615    74.229828    99.432358    99.436592    1.000000    1.000000    1.000000    22.767280    19.887887    19.858187
197    197    1637449751381840326    74.324983    99.432381    99.436088    1.000000    1.000000    1.000000    22.756165    19.886577    19.823189
198    198    1637449751391897088    74.419421    99.432549    99.435584    1.000000    1.000000    1.000000    22.745848    19.890049    20.012746
199    199    1637449751401954051    74.513147    99.432541    99.433596    1.000000    1.000000    1.000000    22.735020    19.889794    19.856071
200    200    1637449751412567134    74.590775    99.249565    94.223328    1.000000    1.000000    1.000000    22.730376    19.950926    21.555944
201    201    1637449751422624815    74.683127    99.249260    99.426498    1.000000    1.000000    1.000000    22.712321    19.888571    17.874802
202    202    1637449751432681907    74.774811    99.249107    99.432321    1.000000    1.000000    1.000000    22.708759    19.951339    21.750820
203    203    1637449751442738606    74.865829    99.249100    99.436207    1.000000    1.000000    1.000000    22.698143    19.951286    19.832316
204    204    1637449751452795171    74.956181    99.249130    99.437532    1.000000    1.000000    1.000000    22.687779    19.952655    19.879616
205    205    1637449751462851985    75.045864    99.249123    99.435070    1.000000    1.000000    1.000000    22.677678    19.954773    19.930711
206    206    1637449751472908404    75.134903    99.249207    99.438975    1.000000    1.000000    1.000000    22.668180    19.962263    20.075639
207    207    1637449751482965067    75.223288    99.249191    99.436563    1.000000    1.000000    1.000000    22.657706    19.960441    19.788386
208    208    1637449751493021603    75.311036    99.249229    99.437818    1.000000    1.000000    1.000000    22.647370    19.961963    19.805326
209    209    1637449751503078779    75.398133    99.249062    99.431491    1.000000    1.000000    1.000000    22.637223    19.965110    19.837444
210    210    1637449751513143356    75.484404    99.249039    99.358373    1.000000    1.000000    1.000000    22.626648    19.961824    19.700053
211    211    1637449751523200154    75.570264    99.249069    99.435228    1.000000    1.000000    1.000000    22.616243    19.959610    19.724395
212    212    1637449751533256852    75.655515    99.249054    99.436217    1.000000    1.000000    1.000000    22.606315    19.961878    19.836870
213    213    1637449751543315088    75.740117    99.249199    99.421012    1.000000    1.000000    1.000000    22.602624    20.019657    21.569335
214    214    1637449751553371846    75.824158    99.249168    99.435623    1.000000    1.000000    1.000000    22.602275    20.043428    22.504107
215    215    1637449751563430838    75.907546    99.248390    99.413540    1.000000    1.000000    1.000000    22.601218    20.126967    22.303425
216    216    1637449751573489333    75.990359    99.247871    99.418452    1.000000    1.000000    1.000000    22.591730    20.130142    19.907659
217    217    1637449751583546844    76.072618    99.247597    99.428179    1.000000    1.000000    1.000000    22.581705    20.128470    19.735134
218    218    1637449751593606978    76.154231    99.246498    99.402254    1.000000    1.000000    1.000000    22.578176    20.186856    21.572850
219    219    1637449751603665953    76.235306    99.245872    99.413708    1.000000    1.000000    1.000000    22.568277    20.183699    19.738330
220    220    1637449751613722655    76.315878    99.245911    99.436177    1.000000    1.000000    1.000000    22.558380    20.179921    19.718514
221    221    1637449751623779058    76.395900    99.246040    99.439133    1.000000    1.000000    1.000000    22.548680    20.175353    19.755516
222    222    1637449751633836690    76.475337    99.245712    99.426982    1.000000    1.000000    1.000000    22.539362    20.175792    19.847165
223    223    1637449751643893730    76.554244    99.245613    99.432835    1.000000    1.000000    1.000000    22.530155    20.176731    19.860471
224    224    1637449751653950453    76.632619    99.245621    99.435969    1.000000    1.000000    1.000000    22.520815    20.176633    19.803440
225    225    1637449751664007041    76.710462    99.245705    99.437304    1.000000    1.000000    1.000000    22.511846    20.180939    19.893227
226    226    1637449751674063617    76.787776    99.245735    99.437423    1.000000    1.000000    1.000000    22.502701    20.179784    19.823455
227    227    1637449751684120095    76.864569    99.245811    99.438392    1.000000    1.000000    1.000000    22.493366    20.177326    19.749300
228    228    1637449751694178079    76.940803    99.245407    99.423503    1.000000    1.000000    1.000000    22.484052    20.168158    19.737240
229    229    1637449751704235725    77.016533    99.245178    99.426844    1.000000    1.000000    1.000000    22.475023    20.166396    19.803140
230    230    1637449751714293510    77.091750    99.427834    99.425470    1.000000    1.000000    1.000000    22.466161    20.106464    19.834726
231    231    1637449751724350417    77.166487    99.428093    99.434150    1.000000    1.000000    1.000000    22.457349    20.171702    19.831906
232    232    1637449751734408608    77.240693    99.427727    99.421457    1.000000    1.000000    1.000000    22.448495    20.106745    19.802067
233    233    1637449751744469880    77.314326    99.426224    99.391011    1.000000    1.000000    1.000000    22.439546    20.104216    19.756572
234    234    1637449751754528389    77.387543    99.425575    99.418313    1.000000    1.000000    1.000000    22.437180    20.165731    21.725001
235    235    1637449751764586448    77.460287    99.425171    99.422761    1.000000    1.000000    1.000000    22.428216    20.158771    19.721922
236    236    1637449751774644558    77.532551    99.424606    99.422257    1.000000    1.000000    1.000000    22.412941    20.082449    17.786050
237    237    1637449751784702933    77.604335    99.424049    99.419638    1.000000    1.000000    1.000000    22.410641    20.146558    21.711637
238    238    1637449751794762488    77.675619    99.423058    99.407976    1.000000    1.000000    1.000000    22.401980    20.145092    19.761461
239    239    1637449751804821682    77.746448    99.422386    99.411543    1.000000    1.000000    1.000000    22.393313    20.141924    19.742451
240    240    1637449751814897283    77.816405    99.418755    99.249663    1.000000    1.000000    1.000000    22.384772    20.144171    19.767850
241    241    1637449751824957711    77.886288    99.417564    99.399350    1.000000    1.000000    1.000000    22.376184    20.144435    19.732445
242    242    1637449751835016087    77.955771    99.417007    99.419628    1.000000    1.000000    1.000000    22.367701    20.141440    19.747090
243    243    1637449751845076193    78.024765    99.416397    99.402531    1.000000    1.000000    1.000000    22.362631    20.115527    20.791777
244    244    1637449751855138249    78.093267    99.414650    99.383267    1.000000    1.000000    1.000000    22.363363    20.118460    22.590828
245    245    1637449751865199807    78.161343    99.413795    99.388186    1.000000    1.000000    1.000000    22.365315    20.140841    22.974115
246    246    1637449751875263689    78.228929    99.412025    99.365235    1.000000    1.000000    1.000000    22.365224    20.221838    22.336558
247    247    1637449751885323872    78.296176    99.411148    99.401770    1.000000    1.000000    1.000000    22.359946    20.254121    20.703646
248    248    1637449751895382925    78.363025    99.411507    99.412937    1.000000    1.000000    1.000000    22.352165    20.198422    19.902004
249    249    1637449751905445103    78.429375    99.410446    99.382062    1.000000    1.000000    1.000000    22.344368    20.203213    19.882175
250    250    1637449751915503988    78.495389    99.409721    99.414597    1.000000    1.000000    1.000000    22.338514    20.228702    20.483327
251    251    1637449751925563639    78.560970    99.408661    99.407027    1.000000    1.000000    1.000000    22.331112    20.236120    19.978179
252    252    1637449751935621682    78.626180    99.408516    99.422920    1.000000    1.000000    1.000000    22.323037    20.232805    19.747744
253    253    1637449751945681941    78.690930    99.407463    99.401019    1.000000    1.000000    1.000000    22.314973    20.228646    19.735810
254    254    1637449751955739720    78.755337    99.407120    99.425529    1.000000    1.000000    1.000000    22.306958    20.226350    19.734608
255    255    1637449751965796922    78.819360    99.406906    99.431233    1.000000    1.000000    1.000000    22.299010    20.221253    19.740292
256    256    1637449751975853495    78.883003    99.406906    99.437452    1.000000    1.000000    1.000000    22.291036    20.217664    19.715733
257    257    1637449751985910171    78.946252    99.406853    99.436434    1.000000    1.000000    1.000000    22.282947    20.214768    19.662426
258    258    1637449751995966712    79.009115    99.407326    99.437769    1.000000    1.000000    1.000000    22.274904    20.212236    19.661173
259    259    1637449752006023451    79.071590    99.407623    99.435811    1.000000    1.000000    1.000000    22.266899    20.207392    19.657751
260    260    1637449752016079993    79.133688    99.408035    99.437759    1.000000    1.000000    1.000000    22.259084    20.203026    19.703655
261    261    1637449752026136743    79.195404    99.408081    99.435702    1.000000    1.000000    1.000000    22.251688    20.202834    19.826146
262    262    1637449752036193875    79.256736    99.408432    99.431926    1.000000    1.000000    1.000000    22.244261    20.202804    19.801118
263    263    1637449752046250323    79.317714    99.410019    99.438688    1.000000    1.000000    1.000000    22.236746    20.202823    19.756945
264    264    1637449752056306611    79.378329    99.410751    99.440271    1.000000    1.000000    1.000000    22.229140    20.135723    19.711739
265    265    1637449752066363266    79.438570    99.411217    99.436642    1.000000    1.000000    1.000000    22.221563    20.135210    19.706468
266    266    1637449752076419733    79.498456    99.411758    99.438501    1.000000    1.000000    1.000000    22.214056    20.199485    19.714423
267    267    1637449752086476936    79.557966    99.412148    99.431224    1.000000    1.000000    1.000000    22.212609    20.200069    21.729339
268    268    1637449752096534047    79.617125    99.412949    99.432133    1.000000    1.000000    1.000000    22.199569    20.135764    17.831816
269    269    1637449752106590734    79.675942    99.413780    99.436325    1.000000    1.000000    1.000000    22.198213    20.202423    21.742592
270    270    1637449752116659775    79.734121    99.415932    99.314324    1.000000    1.000000    1.000000    22.190885    20.200991    19.724659
271    271    1637449752126717015    79.792233    99.416992    99.430858    1.000000    1.000000    1.000000    22.183650    20.201205    19.738700
272    272    1637449752136773839    79.850013    99.417496    99.434971    1.000000    1.000000    1.000000    22.176211    20.198123    19.654550
273    273    1637449752146830531    79.907457    99.418617    99.436276    1.000000    1.000000    1.000000    22.168802    20.160072    19.650256
274    274    1637449752156887294    79.964563    99.420372    99.435574    1.000000    1.000000    1.000000    22.161708    20.065106    19.742671
275    275    1637449752166944264    80.021331    99.421875    99.433527    1.000000    1.000000    1.000000    22.154879    19.959925    19.819644
276    276    1637449752177001203    80.077770    99.424164    99.433834    1.000000    1.000000    1.000000    22.147944    19.874314    19.769636
277    277    1637449752187057874    80.133888    99.425323    99.436484    1.000000    1.000000    1.000000    22.140910    19.841574    19.721610
278    278    1637449752197114306    80.189688    99.426178    99.438847    1.000000    1.000000    1.000000    22.133884    19.835172    19.709940
279    279    1637449752207171801    80.245141    99.427727    99.428337    1.000000    1.000000    1.000000    22.126904    19.829512    19.712408
280    280    1637449752217228454    80.300294    99.428467    99.436661    1.000000    1.000000    1.000000    22.119926    19.803362    19.698886
281    281    1637449752227285019    80.355134    99.429482    99.437532    1.000000    1.000000    1.000000    22.113215    19.796686    19.777958
282    282    1637449752237341714    80.409657    99.429932    99.436246    1.000000    1.000000    1.000000    22.106650    19.798949    19.815634
283    283    1637449752247398511    80.463867    99.431068    99.435238    1.000000    1.000000    1.000000    22.099862    19.798570    19.724397
284    284    1637449752257455201    80.517771    99.431419    99.436296    1.000000    1.000000    1.000000    22.093148    19.798641    19.736745
285    285    1637449752267511654    80.571376    99.431671    99.438639    1.000000    1.000000    1.000000    22.086418    19.797881    19.717485
286    286    1637449752277568319    80.624672    99.431641    99.436543    1.000000    1.000000    1.000000    22.079672    19.797319    19.698862
287    287    1637449752287625350    80.677661    99.431519    99.432924    1.000000    1.000000    1.000000    22.073091    19.800026    19.743662
288    288    1637449752297682257    80.730354    99.431404    99.434150    1.000000    1.000000    1.000000    22.066688    19.804453    19.793975
289    289    1637449752307738986    80.782756    99.431404    99.435910    1.000000    1.000000    1.000000    22.060310    19.808853    19.789773
290    290    1637449752317795725    80.834865    99.431343    99.435811    1.000000    1.000000    1.000000    22.053713    19.808689    19.698717
291    291    1637449752327852692    80.886679    99.431274    99.433557    1.000000    1.000000    1.000000    22.047265    19.805792    19.739236
292    292    1637449752337909650    80.938204    99.431320    99.433646    1.000000    1.000000    1.000000    22.040701    19.801909    19.684633
293    293    1637449752347966415    80.989449    99.431221    99.435554    1.000000    1.000000    1.000000    22.034221    19.800068    19.701701
294    294    1637449752358023112    81.040412    99.431084    99.436226    1.000000    1.000000    1.000000    22.028054    19.803075    19.801974
295    295    1637449752368079848    81.091094    99.431068    99.435841    1.000000    1.000000    1.000000    22.021958    19.806711    19.815553
296    296    1637449752378136563    81.141497    99.430977    99.436048    1.000000    1.000000    1.000000    22.015746    19.808263    19.760973
297    297    1637449752388193292    81.191624    99.431137    99.435910    1.000000    1.000000    1.000000    22.010025    19.748213    19.927845
298    298    1637449752398250172    81.241473    99.431213    99.434417    1.000000    1.000000    1.000000    22.003734    19.810736    19.707545
299    299    1637449752408307146    81.291049    99.431114    99.433488    1.000000    1.000000    1.000000    21.997550    19.743809    19.734671
300    300    1637449752418918784    81.328165    99.252625    94.236158    1.000000    1.000000    1.000000    21.996412    19.809634    21.600579
301    301    1637449752428976235    81.377219    99.252556    99.428772    1.000000    1.000000    1.000000    21.990436    19.811387    19.791387
302    302    1637449752439033316    81.426017    99.252472    99.432430    1.000000    1.000000    1.000000    21.984577    19.816974    19.822459
303    303    1637449752449090214    81.474555    99.252403    99.434239    1.000000    1.000000    1.000000    21.978525    19.819939    19.739371
304    304    1637449752459147076    81.522833    99.252373    99.434595    1.000000    1.000000    1.000000    21.972490    19.819629    19.733373
305    305    1637449752469203543    81.570861    99.252541    99.438501    1.000000    1.000000    1.000000    21.966754    19.820066    19.832773
306    306    1637449752479260432    81.618622    99.252548    99.434328    1.000000    1.000000    1.000000    21.961428    19.826885    19.974563
307    307    1637449752489317347    81.666129    99.252472    99.434071    1.000000    1.000000    1.000000    21.955543    19.827979    19.754511
308    308    1637449752499374143    81.713385    99.252350    99.435248    1.000000    1.000000    1.000000    21.949750    19.830227    19.777503
309    309    1637449752509431098    81.760387    99.252533    99.433676    1.000000    1.000000    1.000000    21.943690    19.828647    19.664915
310    310    1637449752519488055    81.807141    99.252434    99.433656    1.000000    1.000000    1.000000    21.937629    19.827113    19.652773
311    311    1637449752529544899    81.853650    99.252342    99.434773    1.000000    1.000000    1.000000    21.931525    19.821996    19.624166
312    312    1637449752539601755    81.899914    99.252281    99.434654    1.000000    1.000000    1.000000    21.925386    19.814766    19.598349
313    313    1637449752549658319    81.945942    99.252365    99.437541    1.000000    1.000000    1.000000    21.919563    19.814176    19.706647
314    314    1637449752559714684    81.991733    99.252472    99.439509    1.000000    1.000000    1.000000    21.914081    19.817125    19.825388
315    315    1637449752569772692    82.037250    99.251961    99.423266    1.000000    1.000000    1.000000    21.910199    19.840750    20.427464
316    316    1637449752579831515    82.082512    99.251251    99.415210    1.000000    1.000000    1.000000    21.904464    19.841062    19.708289
317    317    1637449752589889592    82.127555    99.250900    99.422583    1.000000    1.000000    1.000000    21.898708    19.839227    19.688511
318    318    1637449752599947016    82.172378    99.250740    99.429039    1.000000    1.000000    1.000000    21.892848    19.833993    19.636689
319    319    1637449752610004201    82.216975    99.250587    99.431402    1.000000    1.000000    1.000000    21.892241    19.896156    21.658070
320    320    1637449752620061176    82.261347    99.250511    99.433478    1.000000    1.000000    1.000000    21.886625    19.896646    19.713427
321    321    1637449752630118200    82.305489    99.250488    99.432993    1.000000    1.000000    1.000000    21.881128    19.896945    19.748228
322    322    1637449752640174982    82.349410    99.250549    99.435386    1.000000    1.000000    1.000000    21.875470    19.896603    19.674357
323    323    1637449752650231836    82.393105    99.250519    99.434674    1.000000    1.000000    1.000000    21.869798    19.895133    19.657526
324    324    1637449752660288969    82.436571    99.250374    99.431916    1.000000    1.000000    1.000000    21.864037    19.888794    19.611465
325    325    1637449752670345765    82.479823    99.250351    99.435248    1.000000    1.000000    1.000000    21.858500    19.884550    19.687985
326    326    1637449752680402435    82.522858    99.250374    99.436493    1.000000    1.000000    1.000000    21.852919    19.881171    19.659403
327    327    1637449752690459368    82.565669    99.250305    99.433893    1.000000    1.000000    1.000000    21.847753    19.877321    19.812130
328    328    1637449752700516356    82.608263    99.250275    99.433349    1.000000    1.000000    1.000000    21.842689    19.881806    19.842367
329    329    1637449752710573114    82.650648    99.250343    99.435623    1.000000    1.000000    1.000000    21.837434    19.882527    19.756336
330    330    1637449752720642867    82.692551    99.428596    99.307302    1.000000    1.000000    1.000000    21.832039    19.815777    19.692958
331    331    1637449752730707246    82.734354    99.426308    99.360328    1.000000    1.000000    1.000000    21.831195    19.872619    21.495525
332    332    1637449752740771841    82.775944    99.423828    99.358196    1.000000    1.000000    1.000000    21.830813    19.934527    21.678510
333    333    1637449752750836539    82.817324    99.421257    99.357179    1.000000    1.000000    1.000000    21.830867    20.005009    21.852636
334    334    1637449752760899492    82.858534    99.419250    99.374408    1.000000    1.000000    1.000000    21.830350    20.068017    21.622910
335    335    1637449752770963083    82.899526    99.416908    99.368108    1.000000    1.000000    1.000000    21.830272    20.133582    21.798939
336    336    1637449752781025553    82.940339    99.415070    99.379178    1.000000    1.000000    1.000000    21.829584    20.186202    21.552677
337    337    1637449752791087551    82.980959    99.413391    99.383840    1.000000    1.000000    1.000000    21.829581    20.255337    21.828171
338    338    1637449752801150740    83.021354    99.411285    99.372078    1.000000    1.000000    1.000000    21.829126    20.317607    21.645148
339    339    1637449752811212784    83.061574    99.409607    99.383386    1.000000    1.000000    1.000000    21.829071    20.389012    21.806840
340    340    1637449752821277648    83.101540    99.407005    99.355540    1.000000    1.000000    1.000000    21.828723    20.456836    21.687027
341    341    1637449752831343774    83.141285    99.403946    99.343084    1.000000    1.000000    1.000000    21.828752    20.530732    21.840441
342    342    1637449752841410994    83.180814    99.400536    99.332288    1.000000    1.000000    1.000000    21.828660    20.603841    21.791081
343    343    1637449752851478035    83.220154    99.397087    99.334055    1.000000    1.000000    1.000000    21.828672    20.674764    21.833909
344    344    1637449752861542130    83.259361    99.394539    99.363132    1.000000    1.000000    1.000000    21.828568    20.740107    21.785718
345    345    1637449752871606876    83.298366    99.392326    99.356705    1.000000    1.000000    1.000000    21.828780    20.789742    21.916207
346    346    1637449752881649857    83.337618    99.397545    99.572029    1.000000    1.000000    1.000000    21.828985    20.863180    21.913565
347    347    1637449752891713890    83.376260    99.395576    99.363744    1.000000    1.000000    1.000000    21.828972    20.934354    21.823757
348    348    1637449752901779086    83.414694    99.393013    99.352263    1.000000    1.000000    1.000000    21.828917    21.006663    21.806075
349    349    1637449752911844592    83.452936    99.390282    99.349203    1.000000    1.000000    1.000000    21.834151    21.085098    24.009593
350    350    1637449752921910676    83.490984    99.387276    99.343498    1.000000    1.000000    1.000000    21.828355    21.075059    19.413638
351    351    1637449752931974463    83.528896    99.385056    99.366173    1.000000    1.000000    1.000000    21.833610    21.217744    24.028856
352    352    1637449752942039173    83.566609    99.382439    99.357060    1.000000    1.000000    1.000000    21.833186    21.283759    21.655521
353    353    1637449752952101563    83.604188    99.380623    99.379968    1.000000    1.000000    1.000000    21.832967    21.353175    21.740885
354    354    1637449752962163319    83.641602    99.379097    99.386230    1.000000    1.000000    1.000000    21.832227    21.416790    21.520843
355    355    1637449752972228261    83.678776    99.376411    99.354770    1.000000    1.000000    1.000000    21.832062    21.485914    21.762661
356    356    1637449752982291783    83.715803    99.374161    99.368790    1.000000    1.000000    1.000000    21.831480    21.550072    21.585298
357    357    1637449752992356690    83.752628    99.371536    99.355116    1.000000    1.000000    1.000000    21.831025    21.610913    21.638421
358    358    1637449753002421331    83.789285    99.369019    99.357742    1.000000    1.000000    1.000000    21.830670    21.672127    21.679927
359    359    1637449753012486789    83.825754    99.366150    99.349677    1.000000    1.000000    1.000000    21.830430    21.737811    21.728194
360    360    1637449753022576664    83.861577    99.359528    99.109256    1.000000    1.000000    1.000000    21.830010    21.803122    21.651416
361    361    1637449753032642646    83.897698    99.359009    99.344505    1.000000    1.000000    1.000000    21.830067    21.815084    21.854397
362    362    1637449753042707612    83.933670    99.358879    99.354533    1.000000    1.000000    1.000000    21.829610    21.813592    21.633746
363    363    1637449753052773362    83.969459    99.358528    99.346795    1.000000    1.000000    1.000000    21.829307    21.808462    21.698761
364    364    1637449753062838923    84.005087    99.357674    99.348660    1.000000    1.000000    1.000000    21.828805    21.808122    21.612760
365    365    1637449753072902369    84.040590    99.357719    99.369540    1.000000    1.000000    1.000000    21.828474    21.804343    21.685534
366    366    1637449753082965370    84.075939    99.357544    99.373934    1.000000    1.000000    1.000000    21.828045    21.807336    21.642520
367    367    1637449753093029021    84.111112    99.357002    99.367516    1.000000    1.000000    1.000000    21.827831    21.804235    21.735128
368    368    1637449753103092405    84.146129    99.356941    99.370152    1.000000    1.000000    1.000000    21.827401    21.804070    21.640180
369    369    1637449753113157040    84.180962    99.356087    99.357801    1.000000    1.000000    1.000000    21.827195    21.801760    21.737551
370    370    1637449753123221027    84.215648    99.356377    99.364198    1.000000    1.000000    1.000000    21.826800    21.800661    21.654045
371    371    1637449753133282866    84.250216    99.357788    99.385411    1.000000    1.000000    1.000000    21.826952    21.802436    21.893725
372    372    1637449753143347050    84.284583    99.358788    99.362253    1.000000    1.000000    1.000000    21.826592    21.798360    21.668782
373    373    1637449753153412421    84.318772    99.359329    99.350536    1.000000    1.000000    1.000000    21.826387    21.795095    21.735962
374    374    1637449753163475942    84.352840    99.359528    99.368799    1.000000    1.000000    1.000000    21.826030    21.791194    21.668694
375    375    1637449753173541643    84.386714    99.359215    99.347278    1.000000    1.000000    1.000000    21.825784    21.784555    21.717058
376    376    1637449753183607485    84.420432    99.351692    99.345887    1.000000    1.000000    1.000000    21.825654    21.779723    21.768294
377    377    1637449753193654574    84.454352    99.357269    99.531317    1.000000    1.000000    1.000000    21.825521    21.777811    21.766401
378    378    1637449753203720808    84.487760    99.356926    99.342018    1.000000    1.000000    1.000000    21.830112    21.846667    23.871431
379    379    1637449753213785753    84.521043    99.357109    99.354741    1.000000    1.000000    1.000000    21.829852    21.770146    21.714141
380    380    1637449753223851522    84.554161    99.357208    99.346607    1.000000    1.000000    1.000000    21.829495    21.845366    21.669918
381    381    1637449753233915444    84.587166    99.357170    99.364840    1.000000    1.000000    1.000000    21.829226    21.768037    21.708767
382    382    1637449753243980912    84.619996    99.356911    99.349578    1.000000    1.000000    1.000000    21.828759    21.766820    21.619024
383    383    1637449753254045391    84.652698    99.356232    99.359341    1.000000    1.000000    1.000000    21.828557    21.766720    21.737888
384    384    1637449753264109887    84.685256    99.355324    99.359173    1.000000    1.000000    1.000000    21.828151    21.770868    21.645369
385    385    1637449753274173584    84.717684    99.355736    99.367062    1.000000    1.000000    1.000000    21.828113    21.772474    21.810840
386    386    1637449753284238099    84.749954    99.355415    99.358986    1.000000    1.000000    1.000000    21.827754    21.775131    21.665038
387    387    1637449753294302750    84.782080    99.355492    99.357643    1.000000    1.000000    1.000000    21.827595    21.779041    21.755709
388    388    1637449753304367444    84.814064    99.355484    99.357218    1.000000    1.000000    1.000000    21.827111    21.776611    21.607042
389    389    1637449753314431421    84.845921    99.355965    99.364297    1.000000    1.000000    1.000000    21.826885    21.776466    21.723811
390    390    1637449753324517971    84.877223    99.357063    99.141927    1.000000    1.000000    1.000000    21.826334    21.773926    21.575350
391    391    1637449753334582972    84.908784    99.357376    99.354188    1.000000    1.000000    1.000000    21.825984    21.767629    21.665507
392    392    1637449753344647287    84.940221    99.357597    99.360960    1.000000    1.000000    1.000000    21.825509    21.766766    21.607855
393    393    1637449753354711914    84.971516    99.357971    99.357880    1.000000    1.000000    1.000000    21.825197    21.766190    21.681473
394    394    1637449753364778787    85.002634    99.357536    99.335712    1.000000    1.000000    1.000000    21.824918    21.768976    21.696341
395    395    1637449753374843927    85.033649    99.356972    99.352816    1.000000    1.000000    1.000000    21.824713    21.770471    21.730396
396    396    1637449753384907986    85.064550    99.356628    99.363487    1.000000    1.000000    1.000000    21.824848    21.778632    21.887380
397    397    1637449753394971613    85.095325    99.356636    99.367753    1.000000    1.000000    1.000000    21.824646    21.778482    21.730631
398    398    1637449753405036061    85.125954    99.356277    99.359647    1.000000    1.000000    1.000000    21.824199    21.777698    21.616666
399    399    1637449753415100956    85.156444    99.356201    99.355234    1.000000    1.000000    1.000000    21.824022    21.777831    21.741538
400    400    1637449753425758080    85.176087    99.161415    93.833946    1.000000    1.000000    1.000000    21.827025    21.830308    23.150651
401    401    1637449753435822963    85.206336    99.160408    99.355353    1.000000    1.000000    1.000000    21.826888    21.825952    21.762788
402    402    1637449753445885932    85.236490    99.160812    99.374250    1.000000    1.000000    1.000000    21.826483    21.824880    21.636523
403    403    1637449753455949701    85.266502    99.161331    99.366351    1.000000    1.000000    1.000000    21.826401    21.826609    21.787940
404    404    1637449753466011572    85.296421    99.161873    99.385094    1.000000    1.000000    1.000000    21.826058    21.826476    21.664665
405    405    1637449753476074627    85.326192    99.162743    99.373401    1.000000    1.000000    1.000000    21.826237    21.832921    21.910792
406    406    1637449753486137444    85.355842    99.163734    99.375751    1.000000    1.000000    1.000000    21.825764    21.827390    21.601974
407    407    1637449753496200881    85.385356    99.158371    99.369629    1.000000    1.000000    1.000000    21.826082    21.834381    21.976675
408    408    1637449753506263748    85.414756    99.159477    99.375258    1.000000    1.000000    1.000000    21.825614    21.758921    21.603383
409    409    1637449753516328522    85.443998    99.159531    99.356429    1.000000    1.000000    1.000000    21.825298    21.757622    21.675092
410    410    1637449753526393373    85.473117    99.159836    99.355669    1.000000    1.000000    1.000000    21.824895    21.756376    21.632477
411    411    1637449753536458289    85.502113    99.159515    99.355027    1.000000    1.000000    1.000000    21.824679    21.756809    21.721784
412    412    1637449753546523728    85.530979    99.159515    99.349864    1.000000    1.000000    1.000000    21.824497    21.760745    21.737331
413    413    1637449753556588589    85.559735    99.159393    99.355570    1.000000    1.000000    1.000000    21.824328    21.760919    21.743127
414    414    1637449753566653340    85.588374    99.159309    99.356656    1.000000    1.000000    1.000000    21.824132    21.763725    21.729720
415    415    1637449753576719306    85.616872    99.158569    99.344663    1.000000    1.000000    1.000000    21.823930    21.760940    21.727097
416    416    1637449753586783823    85.645279    99.158569    99.358966    1.000000    1.000000    1.000000    21.823652    21.761746    21.689291
417    417    1637449753596846713    85.673596    99.159142    99.375030    1.000000    1.000000    1.000000    21.827961    21.833491    23.912723
418    418    1637449753606910788    85.701776    99.159348    99.363329    1.000000    1.000000    1.000000    21.827518    21.833687    21.612919
419    419    1637449753616976658    85.729809    99.158730    99.345610    1.000000    1.000000    1.000000    21.827225    21.832390    21.684860
420    420    1637449753627069931    85.757249    99.156525    99.075889    1.000000    1.000000    1.000000    21.826662    21.831653    21.553420
421    421    1637449753637134843    85.785070    99.156555    99.355066    1.000000    1.000000    1.000000    21.826451    21.833576    21.723309
422    422    1637449753647197946    85.812809    99.156944    99.372927    1.000000    1.000000    1.000000    21.825905    21.831948    21.558903
423    423    1637449753657263799    85.840388    99.156548    99.345778    1.000000    1.000000    1.000000    21.825645    21.832516    21.698539
424    424    1637449753667325824    85.867921    99.158134    99.383573    1.000000    1.000000    1.000000    21.825268    21.830646    21.640069
425    425    1637449753677389014    85.895321    99.158775    99.372068    1.000000    1.000000    1.000000    21.825065    21.830484    21.725509
426    426    1637449753687451862    85.922617    99.159172    99.375445    1.000000    1.000000    1.000000    21.824509    21.819274    21.550351
427    427    1637449753697517714    85.949751    99.158440    99.345788    1.000000    1.000000    1.000000    21.824276    21.818559    21.709153
428    428    1637449753707582626    85.976791    99.158295    99.355066    1.000000    1.000000    1.000000    21.824060    21.821905    21.717244
429    429    1637449753717651985    86.003646    99.156830    99.311188    1.000000    1.000000    1.000000    21.823963    21.823045    21.775845
430    430    1637449753727717775    86.030454    99.351013    99.346400    1.000000    1.000000    1.000000    21.823863    21.774571    21.774470
431    431    1637449753737782410    86.057174    99.351089    99.357801    1.000000    1.000000    1.000000    21.823706    21.773982    21.745131
432    432    1637449753747847573    86.083779    99.350365    99.352589    1.000000    1.000000    1.000000    21.823428    21.775593    21.684867
433    433    1637449753757910374    86.110318    99.350685    99.375909    1.000000    1.000000    1.000000    21.823255    21.773894    21.736964
434    434    1637449753767973873    86.136739    99.350151    99.369017    1.000000    1.000000    1.000000    21.822872    21.772766    21.630835
435    435    1637449753778038117    86.163042    99.349754    99.361661    1.000000    1.000000    1.000000    21.822658    21.766262    21.715654
436    436    1637449753788102930    86.189231    99.349106    99.356044    1.000000    1.000000    1.000000    21.822100    21.764249    21.541596
437    437    1637449753798167677    86.215317    99.348671    99.356695    1.000000    1.000000    1.000000    21.821773    21.753593    21.656958
438    438    1637449753808232040    86.241307    99.348175    99.360486    1.000000    1.000000    1.000000    21.821293    21.752778    21.578946
439    439    1637449753818296371    86.267195    99.348328    99.360802    1.000000    1.000000    1.000000    21.821054    21.753619    21.700305
440    440    1637449753828360357    86.292987    99.348610    99.364208    1.000000    1.000000    1.000000    21.820603    21.752266    21.591884
441    441    1637449753838424456    86.318675    99.348877    99.363093    1.000000    1.000000    1.000000    21.820263    21.749798    21.647739
442    442    1637449753848487974    86.344272    99.349510    99.368829    1.000000    1.000000    1.000000    21.819850    21.745540    21.609567
443    443    1637449753858551527    86.369769    99.349945    99.368483    1.000000    1.000000    1.000000    21.819774    21.746797    21.780827
444    444    1637449753868614441    86.395177    99.350548    99.374793    1.000000    1.000000    1.000000    21.819834    21.750820    21.850445
445    445    1637449753878677946    86.420475    99.351357    99.368957    1.000000    1.000000    1.000000    21.823888    21.823209    23.899132
446    446    1637449753888743687    86.445638    99.350952    99.346884    1.000000    1.000000    1.000000    21.823766    21.825596    21.760933
447    447    1637449753898809711    86.470698    99.349922    99.344091    1.000000    1.000000    1.000000    21.823654    21.754069    21.766385
448    448    1637449753908874679    86.495679    99.349625    99.354514    1.000000    1.000000    1.000000    21.823442    21.757441    21.714091
449    449    1637449753918939784    86.520561    99.349876    99.353161    1.000000    1.000000    1.000000    21.823250    21.758759    21.724408
450    450    1637449753929024947    86.545013    99.352547    99.155561    1.000000    1.000000    1.000000    21.822741    21.758990    21.560162
451    451    1637449753939090773    86.569692    99.352242    99.346045    1.000000    1.000000    1.000000    21.822361    21.755741    21.625834
452    452    1637449753949155115    86.594300    99.351837    99.360693    1.000000    1.000000    1.000000    21.821963    21.757622    21.615378
453    453    1637449753959218907    86.618823    99.352516    99.366124    1.000000    1.000000    1.000000    21.821761    21.758225    21.716629
454    454    1637449753969282515    86.643255    99.351997    99.367940    1.000000    1.000000    1.000000    21.821325    21.756696    21.594211
455    455    1637449753979347230    86.667575    99.351494    99.357011    1.000000    1.000000    1.000000    21.821109    21.756132    21.708573
456    456    1637449753989410973    86.691819    99.351196    99.366607    1.000000    1.000000    1.000000    21.820678    21.757634    21.595437
457    457    1637449753999475344    86.715959    99.351692    99.360407    1.000000    1.000000    1.000000    21.820504    21.758296    21.729025
458    458    1637449754009539542    86.740011    99.351921    99.362115    1.000000    1.000000    1.000000    21.820097    21.754608    21.606590
459    459    1637449754019604172    86.763964    99.353477    99.357850    1.000000    1.000000    1.000000    21.819914    21.752877    21.723917
460    460    1637449754029653719    86.788073    99.358826    99.506973    1.000000    1.000000    1.000000    21.819616    21.749145    21.662384
461    461    1637449754039719378    86.811828    99.358482    99.347693    1.000000    1.000000    1.000000    21.819437    21.748465    21.724728
462    462    1637449754049782389    86.835537    99.359192    99.373836    1.000000    1.000000    1.000000    21.819566    21.755241    21.888143
463    463    1637449754059848427    86.859107    99.358124    99.343952    1.000000    1.000000    1.000000    21.819403    21.755108    21.733005
464    464    1637449754069911175    86.882641    99.358376    99.376433    1.000000    1.000000    1.000000    21.819354    21.760519    21.793184
465    465    1637449754079975675    86.906059    99.358292    99.359134    1.000000    1.000000    1.000000    21.819173    21.760754    21.722682
466    466    1637449754090039061    86.929407    99.358757    99.370132    1.000000    1.000000    1.000000    21.818752    21.762524    21.594687
467    467    1637449754100104403    86.952637    99.358559    99.350822    1.000000    1.000000    1.000000    21.818427    21.762127    21.645066
468    468    1637449754110167566    86.975814    99.358955    99.372335    1.000000    1.000000    1.000000    21.818084    21.763983    21.634590
469    469    1637449754120232354    86.998880    99.358810    99.356290    1.000000    1.000000    1.000000    21.817804    21.762889    21.667482
470    470    1637449754130296345    87.021872    99.358810    99.364159    1.000000    1.000000    1.000000    21.817327    21.761877    21.561549
471    471    1637449754140361550    87.044759    99.358444    99.352174    1.000000    1.000000    1.000000    21.817061    21.762758    21.674164
472    472    1637449754150425351    87.067584    99.358353    99.366035    1.000000    1.000000    1.000000    21.816681    21.762839    21.611991
473    473    1637449754160491001    87.090296    99.357666    99.347782    1.000000    1.000000    1.000000    21.820579    21.834297    23.924357
474    474    1637449754170554224    87.112962    99.357567    99.371742    1.000000    1.000000    1.000000    21.820180    21.826088    21.604135
475    475    1637449754180617726    87.135540    99.357567    99.368987    1.000000    1.000000    1.000000    21.820055    21.754529    21.752128
476    476    1637449754190680343    87.158049    99.358589    99.377726    1.000000    1.000000    1.000000    21.820084    21.757028    21.835926
477    477    1637449754200743407    87.180468    99.359558    99.373312    1.000000    1.000000    1.000000    21.820050    21.758202    21.801597
478    478    1637449754210808517    87.202773    99.359520    99.353112    1.000000    1.000000    1.000000    21.819711    21.755564    21.634953
479    479    1637449754220873152    87.225004    99.359665    99.357801    1.000000    1.000000    1.000000    21.819402    21.753121    21.651135
480    480    1637449754230958213    87.246830    99.359703    99.156564    1.000000    1.000000    1.000000    21.819189    21.757879    21.702603
481    481    1637449754241024843    87.268868    99.359436    99.338110    1.000000    1.000000    1.000000    21.819016    21.761157    21.724148
482    482    1637449754251089579    87.290855    99.359314    99.356804    1.000000    1.000000    1.000000    21.818721    21.762543    21.656982
483    483    1637449754261155091    87.312751    99.358749    99.349144    1.000000    1.000000    1.000000    21.818518    21.762217    21.706854
484    484    1637449754271217874    87.334610    99.359016    99.376087    1.000000    1.000000    1.000000    21.818340    21.766421    21.720323
485    485    1637449754281281850    87.356371    99.359261    99.364307    1.000000    1.000000    1.000000    21.818155    21.766676    21.716232
486    486    1637449754291346283    87.378047    99.359032    99.359795    1.000000    1.000000    1.000000    21.817914    21.769658    21.684924
487    487    1637449754301411719    87.399628    99.358681    99.349894    1.000000    1.000000    1.000000    21.817706    21.768773    21.702470
488    488    1637449754311475735    87.421154    99.358742    99.363912    1.000000    1.000000    1.000000    21.817477    21.771566    21.690371
489    489    1637449754321540240    87.442595    99.358780    99.359084    1.000000    1.000000    1.000000    21.817484    21.774809    21.821217
490    490    1637449754331604063    87.463970    99.354088    99.365818    1.000000    1.000000    1.000000    21.817178    21.774285    21.646817
491    491    1637449754341654699    87.485474    99.359024    99.496191    1.000000    1.000000    1.000000    21.817052    21.775015    21.746574
492    492    1637449754351718451    87.506697    99.358788    99.366519    1.000000    1.000000    1.000000    21.816737    21.766774    21.640905
493    493    1637449754361781445    87.527856    99.359787    99.374003    1.000000    1.000000    1.000000    21.816497    21.765073    21.681959
494    494    1637449754371845047    87.548931    99.359512    99.368000    1.000000    1.000000    1.000000    21.816139    21.759149    21.615451
495    495    1637449754381908526    87.569932    99.359848    99.369214    1.000000    1.000000    1.000000    21.815885    21.757505    21.673333
496    496    1637449754391972427    87.590853    99.359665    99.365047    1.000000    1.000000    1.000000    21.816061    21.768181    21.915015
497    497    1637449754402035239    87.611716    99.360504    99.375801    1.000000    1.000000    1.000000    21.815870    21.770284    21.708129
498    498    1637449754412100253    87.632471    99.359894    99.354060    1.000000    1.000000    1.000000    21.815733    21.773739    21.738249
499    499    1637449754422165619    87.653148    99.359703    99.350585    1.000000    1.000000    1.000000    21.815592    21.776022    21.735972
500    500    1637449754432819897    87.664718    99.165840    93.859011    1.000000    1.000000    1.000000    21.818357    21.836780    23.298621
501    501    1637449754442884832    87.685269    99.165924    99.354839    1.000000    1.000000    1.000000    21.818406    21.842499    21.846058
502    502    1637449754452947779    87.705780    99.166199    99.374468    1.000000    1.000000    1.000000    21.818185    21.845183    21.692675
503    503    1637449754463010731    87.726218    99.167084    99.374418    1.000000    1.000000    1.000000    21.818029    21.772141    21.729056
504    504    1637449754473073627    87.746586    99.167191    99.374971    1.000000    1.000000    1.000000    21.817834    21.775543    21.706432
505    505    1637449754483137124    87.766873    99.167191    99.369036    1.000000    1.000000    1.000000    21.818100    21.782807    21.970479
506    506    1637449754493200416    87.787093    99.166977    99.371061    1.000000    1.000000    1.000000    21.818160    21.783364    21.852657
507    507    1637449754503266264    87.807204    99.166061    99.345828    1.000000    1.000000    1.000000    21.817929    21.779481    21.684907
508    508    1637449754513331241    87.827258    99.166100    99.354425    1.000000    1.000000    1.000000    21.817556    21.778432    21.603402
509    509    1637449754523394440    87.847269    99.166573    99.371979    1.000000    1.000000    1.000000    21.817341    21.779846    21.693648
510    510    1637449754533533642    87.866063    99.148827    98.627091    1.000000    1.000000    1.000000    21.817398    21.784774    21.850078
511    511    1637449754543597213    87.885932    99.149834    99.368306    1.000000    1.000000    1.000000    21.817225    21.784541    21.717106
512    512    1637449754553653261    87.905846    99.152679    99.442644    1.000000    1.000000    1.000000    21.820629    21.855519    23.792429
513    513    1637449754563718678    87.925551    99.152710    99.350082    1.000000    1.000000    1.000000    21.820519    21.857190    21.757086
514    514    1637449754573783436    87.945198    99.152061    99.356587    1.000000    1.000000    1.000000    21.820415    21.858509    21.760026
515    515    1637449754583848794    87.964768    99.151611    99.350664    1.000000    1.000000    1.000000    21.820588    21.865319    21.920938
516    516    1637449754593913426    87.984283    99.151550    99.357830    1.000000    1.000000    1.000000    21.820814    21.874231    21.952841
517    517    1637449754603979238    88.003713    99.151421    99.346183    1.000000    1.000000    1.000000    21.820693    21.875817    21.750168
518    518    1637449754614044668    88.023082    99.150963    99.349953    1.000000    1.000000    1.000000    21.820450    21.875412    21.678228
519    519    1637449754624109865    88.042389    99.150734    99.352253    1.000000    1.000000    1.000000    21.820304    21.872538    21.734821
520    520    1637449754634174194    88.061643    99.150566    99.360822    1.000000    1.000000    1.000000    21.820162    21.875528    21.736696
521    521    1637449754644239389    88.080818    99.145798    99.352273    1.000000    1.000000    1.000000    21.820025    21.875282    21.739374
522    522    1637449754654304057    88.099937    99.145493    99.357475    1.000000    1.000000    1.000000    21.819720    21.875266    21.640451
523    523    1637449754664368970    88.118987    99.144867    99.355057    1.000000    1.000000    1.000000    21.819483    21.875178    21.679341
524    524    1637449754674430492    88.138023    99.145546    99.388542    1.000000    1.000000    1.000000    21.819141    21.875227    21.616887
525    525    1637449754684494894    88.156952    99.145248    99.360101    1.000000    1.000000    1.000000    21.818930    21.875917    21.694087
526    526    1637449754694557928    88.175838    99.145531    99.373608    1.000000    1.000000    1.000000    21.818500    21.864230    21.563600
527    527    1637449754704622659    88.194635    99.144905    99.356853    1.000000    1.000000    1.000000    21.818233    21.862629    21.660024
528    528    1637449754714685709    88.213394    99.145546    99.373450    1.000000    1.000000    1.000000    21.817809    21.856871    21.565082
